
Request: GET /api/v1/role/ at Tue Oct 26 2021 19:53:22 GMT+0530, IP: ::ffff:127.0.0.1, User Agent: Thunder Client (https://www.thunderclient.io)
Response Body:
{
	"status": 1,
	"ResponseCode": 200,
	"ResponseText": "Role gets successfully.",
	"ResponseData": {
		"roles": [
			"seller",
			"user",
			"admin"
		]
	},
	"ResponseError": null
}
Response: 200 750.253 ms 

Request: GET /api/v1/role/ at Tue Oct 26 2021 19:55:00 GMT+0530, IP: ::ffff:127.0.0.1, User Agent: Thunder Client (https://www.thunderclient.io)
Response Body:
{
	"status": 1,
	"ResponseCode": 200,
	"ResponseText": "Role gets successfully.",
	"ResponseData": {
		"roles": [
			"seller",
			"user",
			"admin"
		]
	},
	"ResponseError": null
}
Response: 200 11.734 ms 

Request: POST /api/v1/role/create at Tue Oct 26 2021 19:55:12 GMT+0530, IP: ::ffff:127.0.0.1, User Agent: Thunder Client (https://www.thunderclient.io)
Request Body:
{
	"name": "admin"
}
Response Body:
{
	"status": 0,
	"ResponseCode": 403,
	"ResponseText": "Role already exists.",
	"ResponseData": null,
	"ResponseError": null
}
Response: 403 52.935 ms 

Request: POST /api/v1/user/register at Tue Oct 26 2021 19:55:19 GMT+0530, IP: ::ffff:127.0.0.1, User Agent: Thunder Client (https://www.thunderclient.io)
Request Body:
{
	"firstName": "nikunj",
	"lastName": "ravaliya",
	"userName": "nikunj123",
	"email": "ravaliyanikunj123@gmail.com",
	"password": "Nikunj@123",
	"repeatPassword": "Nikunj@123"
}
Response Body:
{
	"status": 0,
	"ResponseCode": 403,
	"ResponseText": "Email already exists.",
	"ResponseData": null,
	"ResponseError": null
}
Response: 403 117.587 ms 

Request: POST /api/v1/user/login at Tue Oct 26 2021 19:55:24 GMT+0530, IP: ::ffff:127.0.0.1, User Agent: Thunder Client (https://www.thunderclient.io)
Request Body:
{
	"email": "ravaliyanikunj123@gmail.com",
	"password": "Nikunj@123"
}
Response Body:
{
	"status": 1,
	"ResponseCode": 200,
	"ResponseText": "Login successfully.",
	"ResponseData": {
		"data": {
			"type": "Bearer",
			"token": "eyJhbGciOiJIUzI1NiIsInR5cCI6IkpXVCJ9.eyJpZCI6ImIxYTE4MWJiLTc4MjMtNGE1Ny1iMmEzLWRlNjdmMDk3NWFmNiIsImlhdCI6MTYzNTI1ODMyNCwiZXhwIjoxNjM1MzQ0NzI0fQ.x0qB2kHhiQYAxHrH9IeaADb4meYfF2Jv0-kJbpW-4wU"
		}
	},
	"ResponseError": null
}
Response: 200 225.615 ms 

Request: POST /api/v1/user/register at Tue Oct 26 2021 20:15:28 GMT+0530, IP: ::ffff:127.0.0.1, User Agent: Thunder Client (https://www.thunderclient.io)
Request Body:
{
	"firstName": "nikunj",
	"lastName": "ravaliya",
	"userName": "nikunj123",
	"email": "ravaliyanikunj123@gmail.com",
	"password": "Nikunj@123",
	"repeatPassword": "Nikunj@123"
}
Response Body:
{
	"status": 0,
	"ResponseCode": 422,
	"validationKey": "userType",
	"validationMessage": "user type is mandatory."
}
Response: 422 16.090 ms 

Request: POST /api/v1/user/register at Tue Oct 26 2021 20:15:28 GMT+0530, IP: ::ffff:127.0.0.1, User Agent: Thunder Client (https://www.thunderclient.io)
Request Body:
{
	"firstName": "nikunj",
	"lastName": "ravaliya",
	"userName": "nikunj123",
	"email": "ravaliyanikunj123@gmail.com",
	"password": "Nikunj@123",
	"repeatPassword": "Nikunj@123"
}
Response Body:
{
	"status": 0,
	"ResponseCode": 422,
	"validationKey": "userType",
	"validationMessage": "user type is mandatory."
}
Response: 422 1.919 ms 

Request: POST /api/v1/user/register at Tue Oct 26 2021 20:18:12 GMT+0530, IP: ::ffff:127.0.0.1, User Agent: Thunder Client (https://www.thunderclient.io)
Request Body:
{
	"userType": "user",
	"firstName": "nikunj",
	"lastName": "ravaliya",
	"userName": "nikunj123",
	"email": "ravaliyanikunj123@gmail.com",
	"password": "Nikunj@123",
	"repeatPassword": "Nikunj@123"
}
Response Body:
{
	"status": 0,
	"ResponseCode": 422,
	"validationKey": "userType",
	"validationMessage": "Invalid Validation."
}
Response: 422 6.674 ms 

Request: POST /api/v1/user/register at Tue Oct 26 2021 20:18:17 GMT+0530, IP: ::ffff:127.0.0.1, User Agent: Thunder Client (https://www.thunderclient.io)
Request Body:
{
	"userType": 1,
	"firstName": "nikunj",
	"lastName": "ravaliya",
	"userName": "nikunj123",
	"email": "ravaliyanikunj123@gmail.com",
	"password": "Nikunj@123",
	"repeatPassword": "Nikunj@123"
}
Response Body:
{
	"status": 0,
	"ResponseCode": 422,
	"validationKey": "userType",
	"validationMessage": "\"userType\" must be a string"
}
Response: 422 2.208 ms 

Request: POST /api/v1/user/register at Tue Oct 26 2021 20:19:16 GMT+0530, IP: ::ffff:127.0.0.1, User Agent: Thunder Client (https://www.thunderclient.io)
Request Body:
{
	"userType": 1,
	"firstName": "nikunj",
	"lastName": "ravaliya",
	"userName": "nikunj123",
	"email": "ravaliyanikunj123@gmail.com",
	"password": "Nikunj@123",
	"repeatPassword": "Nikunj@123"
}
Response Body:
{
	"status": 0,
	"ResponseCode": 422,
	"validationKey": "userType",
	"validationMessage": "\"userType\" must be a string"
}
Response: 422 7.709 ms 

Request: POST /api/v1/user/register at Tue Oct 26 2021 20:21:59 GMT+0530, IP: ::ffff:127.0.0.1, User Agent: Thunder Client (https://www.thunderclient.io)
Request Body:
{
	"userType": 1,
	"firstName": "nikunj",
	"lastName": "ravaliya",
	"userName": "nikunj123",
	"email": "ravaliyanikunj123@gmail.com",
	"password": "Nikunj@123",
	"repeatPassword": "Nikunj@123"
}
Response Body:
{
	"status": 0,
	"ResponseCode": 422,
	"validationKey": "userType",
	"validationMessage": "user type must be string."
}
Response: 422 5.310 ms 

Request: POST /api/v1/user/register at Tue Oct 26 2021 20:22:06 GMT+0530, IP: ::ffff:127.0.0.1, User Agent: Thunder Client (https://www.thunderclient.io)
Request Body:
{
	"userType": "1",
	"firstName": "nikunj",
	"lastName": "ravaliya",
	"userName": "nikunj123",
	"email": "ravaliyanikunj123@gmail.com",
	"password": "Nikunj@123",
	"repeatPassword": "Nikunj@123"
}
Response Body:
{
	"status": 0,
	"ResponseCode": 403,
	"ResponseText": "Email already exists.",
	"ResponseData": null,
	"ResponseError": null
}
Response: 403 344.456 ms 

Request: POST /api/v1/user/register at Tue Oct 26 2021 20:22:10 GMT+0530, IP: ::ffff:127.0.0.1, User Agent: Thunder Client (https://www.thunderclient.io)
Request Body:
{
	"userType": "10",
	"firstName": "nikunj",
	"lastName": "ravaliya",
	"userName": "nikunj123",
	"email": "ravaliyanikunj123@gmail.com",
	"password": "Nikunj@123",
	"repeatPassword": "Nikunj@123"
}
Response Body:
{
	"status": 0,
	"ResponseCode": 422,
	"validationKey": "userType",
	"validationMessage": "Invalid Validation."
}
Response: 422 1.192 ms 

Request: POST /api/v1/user/register at Tue Oct 26 2021 20:22:17 GMT+0530, IP: ::ffff:127.0.0.1, User Agent: Thunder Client (https://www.thunderclient.io)
Request Body:
{
	"userType": "2",
	"firstName": "nikunj",
	"lastName": "ravaliya",
	"userName": "nikunj123",
	"email": "ravaliyanikunj123@gmail.com",
	"password": "Nikunj@123",
	"repeatPassword": "Nikunj@123"
}
Response Body:
{
	"status": 0,
	"ResponseCode": 422,
	"validationKey": "userType",
	"validationMessage": "Invalid Validation."
}
Response: 422 0.686 ms 

Request: POST /api/v1/user/register at Tue Oct 26 2021 20:22:21 GMT+0530, IP: ::ffff:127.0.0.1, User Agent: Thunder Client (https://www.thunderclient.io)
Request Body:
{
	"userType": "0",
	"firstName": "nikunj",
	"lastName": "ravaliya",
	"userName": "nikunj123",
	"email": "ravaliyanikunj123@gmail.com",
	"password": "Nikunj@123",
	"repeatPassword": "Nikunj@123"
}
Response Body:
{
	"status": 0,
	"ResponseCode": 403,
	"ResponseText": "Email already exists.",
	"ResponseData": null,
	"ResponseError": null
}
Response: 403 9.874 ms 

Request: POST /api/v1/user/register at Tue Oct 26 2021 20:38:29 GMT+0530, IP: ::ffff:127.0.0.1, User Agent: Thunder Client (https://www.thunderclient.io)
Request Body:
{
	"userType": "0",
	"firstName": "nikunj",
	"lastName": "ravaliya",
	"userName": "nikunj123",
	"email": "ravaliyanikunj123@gmail.com",
	"password": "Nikunj@123",
	"repeatPassword": "Nikunj@123"
}
Response Body:
{
	"status": 0,
	"ResponseCode": 403,
	"ResponseText": "Email already exists.",
	"ResponseData": null,
	"ResponseError": null
}
Response: 403 161.818 ms 

Request: POST /api/v1/user/register at Tue Oct 26 2021 20:39:11 GMT+0530, IP: ::ffff:127.0.0.1, User Agent: Thunder Client (https://www.thunderclient.io)
Request Body:
{
	"userType": "0",
	"firstName": "nikunj",
	"lastName": "ravaliya",
	"userName": "nikunj123",
	"email": "ravaliyanikunj123@gmail.com",
	"password": "Nikunj@123",
	"repeatPassword": "Nikunj@123"
}
Response Body:
{
	"status": 0,
	"ResponseCode": 403,
	"ResponseText": "Email already exists.",
	"ResponseData": null,
	"ResponseError": null
}
Response: 403 164.487 ms 

Request: POST /api/v1/user/register at Tue Oct 26 2021 20:39:51 GMT+0530, IP: ::ffff:127.0.0.1, User Agent: Thunder Client (https://www.thunderclient.io)
Request Body:
{
	"userType": "0",
	"firstName": "nikunj",
	"lastName": "ravaliya",
	"userName": "nikunj123",
	"email": "ravaliyanikunj123@gmail.com",
	"password": "Nikunj@123",
	"repeatPassword": "Nikunj@123"
}
Response Body:
{
	"status": 0,
	"ResponseCode": 403,
	"ResponseText": "Email already exists.",
	"ResponseData": null,
	"ResponseError": null
}
Response: 403 127.085 ms 

Request: POST /api/v1/user/register at Tue Oct 26 2021 20:50:02 GMT+0530, IP: ::ffff:127.0.0.1, User Agent: Thunder Client (https://www.thunderclient.io)
Request Body:
{
	"userType": "0",
	"firstName": "nikunj",
	"lastName": "ravaliya",
	"userName": "nikunj123",
	"email": "ravaliyanikunj123@gmail.com",
	"password": "Nikunj@123",
	"repeatPassword": "Nikunj@123"
}
Response Body:
{
	"status": 0,
	"ResponseCode": 403,
	"ResponseText": "Email already exists.",
	"ResponseData": null,
	"ResponseError": null
}
Response: 403 125.875 ms 

Request: POST /api/v1/user/register at Tue Oct 26 2021 20:51:00 GMT+0530, IP: ::ffff:127.0.0.1, User Agent: Thunder Client (https://www.thunderclient.io)
Request Body:
{
	"userType": "0",
	"firstName": "nikunj",
	"lastName": "ravaliya",
	"userName": "nikunj123",
	"email": "ravaliyanikunj123@gmail.com",
	"password": "Nikunj@123",
	"repeatPassword": "Nikunj@123"
}
Response Body:
{
	"status": 0,
	"ResponseCode": 403,
	"ResponseText": "Email already exists.",
	"ResponseData": null,
	"ResponseError": null
}
Response: 403 174.170 ms 

Request: POST /api/v1/user/register at Tue Oct 26 2021 20:55:20 GMT+0530, IP: ::ffff:127.0.0.1, User Agent: Thunder Client (https://www.thunderclient.io)
Request Body:
{
	"userType": "0",
	"firstName": "nikunj",
	"lastName": "ravaliya",
	"userName": "nikunj123",
	"email": "nikunj@gmail.com",
	"password": "Nikunj@123",
	"repeatPassword": "Nikunj@123"
}
Response Body:
{
	"status": 0,
	"ResponseCode": 500,
	"ResponseText": "Something went wrong.",
	"ResponseData": null,
	"ResponseError": null
}
Response: 500 409.706 ms 

Request: POST /api/v1/user/register at Tue Oct 26 2021 21:02:45 GMT+0530, IP: ::ffff:127.0.0.1, User Agent: Thunder Client (https://www.thunderclient.io)
Request Body:
{
	"userType": "0",
	"firstName": "nikunj",
	"lastName": "ravaliya",
	"userName": "nikunj123",
	"email": "nikunj@gmail.com",
	"password": "Nikunj@123",
	"repeatPassword": "Nikunj@123"
}
Response Body:
{
	"status": 0,
	"ResponseCode": 500,
	"ResponseText": "Something went wrong.",
	"ResponseData": null,
	"ResponseError": null
}
Response: 500 465.806 ms 

Request: POST /api/v1/user/register at Tue Oct 26 2021 21:03:50 GMT+0530, IP: ::ffff:127.0.0.1, User Agent: Thunder Client (https://www.thunderclient.io)
Request Body:
{
	"userType": "0",
	"firstName": "nikunj",
	"lastName": "ravaliya",
	"userName": "nikunj123",
	"email": "nikunj@gmail.com",
	"password": "Nikunj@123",
	"repeatPassword": "Nikunj@123"
}
Response Body:
{
	"status": 0,
	"ResponseCode": 403,
	"ResponseText": "Email already exists.",
	"ResponseData": null,
	"ResponseError": null
}
Response: 403 117.392 ms 

Request: POST /api/v1/user/register at Tue Oct 26 2021 21:03:56 GMT+0530, IP: ::ffff:127.0.0.1, User Agent: Thunder Client (https://www.thunderclient.io)
Request Body:
{
	"userType": "0",
	"firstName": "nikunj",
	"lastName": "ravaliya",
	"userName": "nikunj123",
	"email": "nikunj@gmail.com",
	"password": "Nikunj@123",
	"repeatPassword": "Nikunj@123"
}
Response Body:
{
	"status": 0,
	"ResponseCode": 500,
	"ResponseText": "Something went wrong.",
	"ResponseData": null,
	"ResponseError": null
}
Response: 500 419.293 ms 

Request: POST /api/v1/user/register at Tue Oct 26 2021 21:07:29 GMT+0530, IP: ::ffff:127.0.0.1, User Agent: Thunder Client (https://www.thunderclient.io)
Request Body:
{
	"userType": "0",
	"firstName": "nikunj",
	"lastName": "ravaliya",
	"userName": "nikunj123",
	"email": "nikunj@gmail.com",
	"password": "Nikunj@123",
	"repeatPassword": "Nikunj@123"
}
Response Body:
{
	"status": 1,
	"ResponseCode": 200,
	"ResponseText": "Register successfully.",
	"ResponseData": {
		"type": "Bearer",
		"token": "eyJhbGciOiJIUzI1NiIsInR5cCI6IkpXVCJ9.eyJpZCI6IjUzMDRhOGQ4LTM5YmYtNDNhZS05NTUyLWE0YTM1Y2E4ODA2NiIsImlhdCI6MTYzNTI2MjY0OSwiZXhwIjoxNjM1MzQ5MDQ5fQ.Pu7AjZ7zn0cOOuVhqF9xn2_pJISjt_W0PpL2GShBAFw",
		"userType": "0"
	},
	"ResponseError": null
}
Response: 200 534.207 ms 

Request: POST /api/v1/user/register at Tue Oct 26 2021 21:08:52 GMT+0530, IP: ::ffff:127.0.0.1, User Agent: Thunder Client (https://www.thunderclient.io)
Request Body:
{
	"userType": "0",
	"firstName": "nikunj",
	"lastName": "ravaliya",
	"userName": "nikunj123",
	"email": "nikunj@gmail.com",
	"password": "Nikunj@123",
	"repeatPassword": "Nikunj@123"
}
Response Body:
{
	"status": 0,
	"ResponseCode": 500,
	"ResponseText": "Something went wrong.",
	"ResponseData": null,
	"ResponseError": null
}
Response: 500 537.656 ms 

Request: POST /api/v1/user/register at Tue Oct 26 2021 21:11:00 GMT+0530, IP: ::ffff:127.0.0.1, User Agent: Thunder Client (https://www.thunderclient.io)
Request Body:
{
	"userType": "0",
	"firstName": "nikunj",
	"lastName": "ravaliya",
	"userName": "nikunj123",
	"email": "nikunj@gmail.com",
	"password": "Nikunj@123",
	"repeatPassword": "Nikunj@123"
}
Response Body:
{
	"status": 1,
	"ResponseCode": 200,
	"ResponseText": "Register successfully.",
	"ResponseData": {
		"type": "Bearer",
		"token": "eyJhbGciOiJIUzI1NiIsInR5cCI6IkpXVCJ9.eyJpZCI6IjlkYjY2NThkLTBiNDktNDcxNy1iYTMyLTc2YjliMzU4NWVlMSIsImlhdCI6MTYzNTI2Mjg2MCwiZXhwIjoxNjM1MzQ5MjYwfQ.m3TjZZpQUfyNk1XouYQK-LsVAhIg6rMGJ7OHlqkXx5I",
		"userType": "0"
	},
	"ResponseError": null
}
Response: 200 523.304 ms 

Request: POST /api/v1/user/register at Tue Oct 26 2021 21:11:11 GMT+0530, IP: ::ffff:127.0.0.1, User Agent: Thunder Client (https://www.thunderclient.io)
Request Body:
{
	"userType": "0",
	"firstName": "nikunj",
	"lastName": "ravaliya",
	"userName": "nikunj123",
	"email": "nikunj@gmail.com",
	"password": "Nikunj@123",
	"repeatPassword": "Nikunj@123"
}
Response Body:
{
	"status": 0,
	"ResponseCode": 403,
	"ResponseText": "Email already exists.",
	"ResponseData": null,
	"ResponseError": null
}
Response: 403 17.242 ms 

Request: POST /api/v1/role/create at Tue Oct 26 2021 21:13:45 GMT+0530, IP: ::ffff:127.0.0.1, User Agent: Thunder Client (https://www.thunderclient.io)
Request Body:
{
	"name": "admin"
}
Response Body:
{
	"status": 1,
	"ResponseCode": 200,
	"ResponseText": "Role created successfully.",
	"ResponseData": {},
	"ResponseError": null
}
Response: 200 282.790 ms 

Request: POST /api/v1/role/create at Tue Oct 26 2021 21:13:54 GMT+0530, IP: ::ffff:127.0.0.1, User Agent: Thunder Client (https://www.thunderclient.io)
Request Body:
{
	"name": "seller"
}
Response Body:
{
	"status": 1,
	"ResponseCode": 200,
	"ResponseText": "Role created successfully.",
	"ResponseData": {},
	"ResponseError": null
}
Response: 200 141.563 ms 

Request: POST /api/v1/role/create at Tue Oct 26 2021 21:13:57 GMT+0530, IP: ::ffff:127.0.0.1, User Agent: Thunder Client (https://www.thunderclient.io)
Request Body:
{
	"name": "user"
}
Response Body:
{
	"status": 1,
	"ResponseCode": 200,
	"ResponseText": "Role created successfully.",
	"ResponseData": {},
	"ResponseError": null
}
Response: 200 77.521 ms 

Request: POST /api/v1/role/create at Tue Oct 26 2021 21:14:00 GMT+0530, IP: ::ffff:127.0.0.1, User Agent: Thunder Client (https://www.thunderclient.io)
Request Body:
{
	"name": "user"
}
Response Body:
{
	"status": 0,
	"ResponseCode": 403,
	"ResponseText": "Role already exists.",
	"ResponseData": null,
	"ResponseError": null
}
Response: 403 7.371 ms 

Request: GET /api/v1/role/ at Tue Oct 26 2021 21:14:04 GMT+0530, IP: ::ffff:127.0.0.1, User Agent: Thunder Client (https://www.thunderclient.io)
Response Body:
{
	"status": 1,
	"ResponseCode": 200,
	"ResponseText": "Role gets successfully.",
	"ResponseData": {
		"roles": [
			"seller",
			"user",
			"admin"
		]
	},
	"ResponseError": null
}
Response: 200 5.614 ms 

Request: POST /api/v1/user/register at Tue Oct 26 2021 21:14:13 GMT+0530, IP: ::ffff:127.0.0.1, User Agent: Thunder Client (https://www.thunderclient.io)
Request Body:
{
	"userType": "0",
	"firstName": "nikunj",
	"lastName": "ravaliya",
	"userName": "nikunj123",
	"email": "nikunj@gmail.com",
	"password": "Nikunj@123",
	"repeatPassword": "Nikunj@123"
}
Response Body:
{
	"status": 1,
	"ResponseCode": 200,
	"ResponseText": "Register successfully.",
	"ResponseData": {
		"type": "Bearer",
		"token": "eyJhbGciOiJIUzI1NiIsInR5cCI6IkpXVCJ9.eyJpZCI6ImI1Y2UzZTc2LTEzYjQtNDViYS05NTZhLTU5NWVhZTBlOTU2MCIsImlhdCI6MTYzNTI2MzA1MywiZXhwIjoxNjM1MzQ5NDUzfQ.rnu-ZS9gv7LnR5uojNrMAb4IyBLu-6MTXDNQgypZ1yA",
		"userType": "0"
	},
	"ResponseError": null
}
Response: 200 366.600 ms 

Request: POST /api/v1/user/register at Tue Oct 26 2021 21:14:15 GMT+0530, IP: ::ffff:127.0.0.1, User Agent: Thunder Client (https://www.thunderclient.io)
Request Body:
{
	"userType": "0",
	"firstName": "nikunj",
	"lastName": "ravaliya",
	"userName": "nikunj123",
	"email": "nikunj@gmail.com",
	"password": "Nikunj@123",
	"repeatPassword": "Nikunj@123"
}
Response Body:
{
	"status": 0,
	"ResponseCode": 403,
	"ResponseText": "Email already exists.",
	"ResponseData": null,
	"ResponseError": null
}
Response: 403 9.923 ms 

Request: POST /api/v1/user/login at Tue Oct 26 2021 21:14:33 GMT+0530, IP: ::ffff:127.0.0.1, User Agent: Thunder Client (https://www.thunderclient.io)
Request Body:
{
	"email": "ravaliyanikunj123@gmail.com",
	"password": "Nikunj@123"
}
Response Body:
{
	"status": 0,
	"ResponseCode": 401,
	"ResponseText": "Invalid Credential.",
	"ResponseData": null,
	"ResponseError": null
}
Response: 401 9.067 ms 

Request: POST /api/v1/user/login at Tue Oct 26 2021 21:14:53 GMT+0530, IP: ::ffff:127.0.0.1, User Agent: Thunder Client (https://www.thunderclient.io)
Request Body:
{
	"email": "nikunj@gmail.com",
	"password": "Nikunj@123"
}
Response Body:
{
	"status": 1,
	"ResponseCode": 200,
	"ResponseText": "Login successfully.",
	"ResponseData": {
		"data": {
			"type": "Bearer",
			"token": "eyJhbGciOiJIUzI1NiIsInR5cCI6IkpXVCJ9.eyJpZCI6ImI1Y2UzZTc2LTEzYjQtNDViYS05NTZhLTU5NWVhZTBlOTU2MCIsImlhdCI6MTYzNTI2MzA5MywiZXhwIjoxNjM1MzQ5NDkzfQ.qi01BfVF1SLPClaPSD_C0GDQQhpHkMagi8BpGBEj8-I"
		}
	},
	"ResponseError": null
}
Response: 200 165.516 ms 
