
Request: POST /v1/role/create at Fri May 27 2022 21:40:32 GMT+0530, IP: ::1, User Agent: PostmanRuntime/7.26.8
Response Body:
{
	"status": 0,
	"ResponseCode": 422,
	"validationKey": "name",
	"validationMessage": "Name is mandatory."
}
Response: 422 9.678 ms 

Request: POST /v1/role/create at Fri May 27 2022 21:40:46 GMT+0530, IP: ::1, User Agent: PostmanRuntime/7.26.8
Request Body:
{
	"name": "test"
}
Response Body:
{
	"data": {
		"status": 0,
		"message": "Invalid Role."
	}
}
Response: 400 379.478 ms 

Request: POST /v1/role/create at Fri May 27 2022 21:42:52 GMT+0530, IP: ::1, User Agent: PostmanRuntime/7.26.8
Request Body:
{
	"name": "test"
}
Response Body:
{
	"status": 1,
	"data": {
		"status": 1,
		"ResponseCode": 200,
		"ResponseText": "Role created successfully.",
		"ResponseData": null,
		"ResponseError": null
	}
}
Response: 200 342.750 ms 

Request: POST /v1/role/create at Fri May 27 2022 21:43:25 GMT+0530, IP: ::ffff:127.0.0.1, User Agent: PostmanRuntime/7.26.8
Request Body:
{
	"name": "test"
}
Response Body:
{
	"data": {
		"status": 0,
		"message": "Role already exists."
	}
}
Response: 400 125.389 ms 

Request: POST /v1/role/create at Fri May 27 2022 21:57:51 GMT+0530, IP: ::ffff:127.0.0.1, User Agent: PostmanRuntime/7.26.8
Request Body:
{
	"name": "test"
}
Response Body:
{
	"data": {
		"status": 0,
		"message": "Role already exists."
	}
}
Response: 400 103.820 ms 

Request: POST /v1/role/create at Fri May 27 2022 21:59:48 GMT+0530, IP: ::1, User Agent: PostmanRuntime/7.26.8
Request Body:
{
	"name": "test"
}
Response Body:
{
	"data": {
		"status": 0,
		"ResponseText": "Role already exists."
	}
}
Response: 400 111.256 ms 

Request: POST /v1/role/create at Fri May 27 2022 21:59:59 GMT+0530, IP: ::1, User Agent: PostmanRuntime/7.26.8
Request Body:
{
	"name": "asd"
}
Response Body:
{
	"status": 1,
	"data": {
		"status": 1,
		"ResponseCode": 200,
		"ResponseText": "Role created successfully.",
		"ResponseData": null,
		"ResponseError": null
	}
}
Response: 200 173.492 ms 

Request: POST /v1/role/create at Fri May 27 2022 22:00:21 GMT+0530, IP: ::1, User Agent: PostmanRuntime/7.26.8
Request Body:
{
	"name": "asd"
}
Response Body:
{
	"data": {
		"status": 0,
		"ResponseText": "Role already exists."
	}
}
Response: 400 10.982 ms 

Request: POST /v1/role/create at Fri May 27 2022 22:00:32 GMT+0530, IP: ::1, User Agent: PostmanRuntime/7.26.8
Request Body:
{
	"name": "asd"
}
Response Body:
{
	"data": {
		"status": 0,
		"ResponseText": "Role already exists."
	}
}
Response: 400 15.586 ms 

Request: POST /v1/role/create at Fri May 27 2022 22:01:52 GMT+0530, IP: ::1, User Agent: PostmanRuntime/7.26.8
Request Body:
{
	"name": "asd"
}
Response Body:
{
	"data": {
		"ResponseText": "Role already exists."
	}
}
Response: 400 113.036 ms 

Request: POST /v1/role/create at Fri May 27 2022 22:03:01 GMT+0530, IP: ::ffff:127.0.0.1, User Agent: PostmanRuntime/7.26.8
Request Body:
{
	"name": "asd"
}
Response Body:
{
	"status": 0,
	"data": {
		"ResponseText": "Role already exists."
	}
}
Response: 400 102.358 ms 

Request: POST /v1/role/create at Fri May 27 2022 22:03:56 GMT+0530, IP: ::ffff:127.0.0.1, User Agent: PostmanRuntime/7.26.8
Request Body:
{
	"name": "asd"
}
Response Body:
{
	"responseStatus": 0,
	"data": {
		"ResponseText": "Role already exists."
	}
}
Response: 400 112.479 ms 

Request: POST /v1/role/create at Fri May 27 2022 22:04:18 GMT+0530, IP: ::1, User Agent: PostmanRuntime/7.26.8
Request Body:
{
	"name": "asd"
}
Response Body:
{
	"responseStatus": 0,
	"responseData": {
		"ResponseText": "Role already exists."
	}
}
Response: 400 120.068 ms 

Request: POST /v1/role/create at Fri May 27 2022 22:04:31 GMT+0530, IP: ::1, User Agent: PostmanRuntime/7.26.8
Request Body:
{
	"name": "asd"
}
Response Body:
{
	"responseStatus": 0,
	"responseData": {
		"ResponseText": "Role already exists."
	}
}
Response: 400 12.254 ms 

Request: POST /v1/role/create at Fri May 27 2022 22:04:57 GMT+0530, IP: ::ffff:127.0.0.1, User Agent: PostmanRuntime/7.26.8
Request Body:
{
	"name": "asd"
}
Response Body:
{
	"responseStatus": 0,
	"responseData": {
		"message": "Role already exists."
	}
}
Response: 400 109.814 ms 

Request: POST /v1/role/create at Fri May 27 2022 22:06:23 GMT+0530, IP: ::ffff:127.0.0.1, User Agent: PostmanRuntime/7.26.8
Request Body:
{
	"name": "asd"
}
Response Body:
{
	"responseStatus": 0,
	"responseData": {
		"message": "Role already exists."
	}
}
Response: 400 116.780 ms 

Request: POST /v1/role/create at Fri May 27 2022 22:06:26 GMT+0530, IP: ::ffff:127.0.0.1, User Agent: PostmanRuntime/7.26.8
Request Body:
{
	"name": "asdsadasd"
}
Response Body:
{
	"responseStatus": 1,
	"responseData": {
		"message": "Role created successfully.",
		"result": null,
		"error": null
	}
}
Response: 200 207.659 ms 

Request: POST /v1/role/create at Fri May 27 2022 22:09:46 GMT+0530, IP: ::ffff:127.0.0.1, User Agent: PostmanRuntime/7.26.8
Request Body:
{
	"name": "asdsadasd"
}
Response Body:
{
	"responseStatus": 0,
	"responseData": {
		"message": "Role already exists."
	}
}
Response: 400 104.493 ms 

Request: GET /v1/role/ at Fri May 27 2022 22:09:59 GMT+0530, IP: ::1, User Agent: PostmanRuntime/7.26.8
Response Body:
{
	"status": 1,
	"ResponseCode": 200,
	"ResponseText": "Role gets successfully.",
	"ResponseData": {
		"roles": [
			"seller",
			"user",
			"asdsadasd",
			"asd",
			"admin",
			"test"
		]
	},
	"ResponseError": null
}
Response: 200 11.177 ms 

Request: GET /v1/role/ at Fri May 27 2022 22:47:49 GMT+0530, IP: ::1, User Agent: PostmanRuntime/7.26.8
Response Body:
{
	"responseStatus": 1,
	"responseData": {
		"message": "Success.",
		"result": {
			"roles": [
				"seller",
				"user",
				"asdsadasd",
				"asd",
				"admin",
				"test"
			]
		},
		"error": null
	}
}
Response: 200 377.488 ms 

Request: GET /v1/role/ at Fri May 27 2022 22:56:17 GMT+0530, IP: ::1, User Agent: PostmanRuntime/7.26.8
Response Body:
{
	"responseStatus": 1,
	"responseData": {
		"message": "Success.",
		"result": {
			"roles": [
				"seller",
				"user",
				"asdsadasd",
				"asd",
				"admin",
				"test"
			]
		},
		"error": null
	}
}
Response: 200 128.546 ms 

Request: GET /v1/role/ at Fri May 27 2022 23:02:53 GMT+0530, IP: ::1, User Agent: PostmanRuntime/7.26.8
Response Body:
{
	"responseStatus": 1,
	"responseData": {
		"message": "Success.",
		"result": {
			"roles": [
				"seller",
				"user",
				"asdsadasd",
				"asd",
				"admin",
				"test"
			]
		},
		"error": null
	}
}
Response: 200 103.427 ms 
